<?xml version="1.0" encoding="UTF-8"?>
<testsuite xmlns:xsi="http://www.w3.org/2001/XMLSchema-instance" xsi:noNamespaceSchemaLocation="https://maven.apache.org/surefire/maven-surefire-plugin/xsd/surefire-test-report.xsd" version="3.0.2" name="com.lincoln.maceguard.core.service.MaceDurabilityTrackerTest" time="0.009" tests="6" errors="0" skipped="0" failures="0">
  <properties>
[...]
</properties>
  <testcase name="attackSnapshotAllowsMaceClassificationAfterHandChanges" classname="com.lincoln.maceguard.core.service.MaceDurabilityTrackerTest" time="0.002"/>
  <testcase name="expiredAndClearedContextsCannotAffectLaterArmorDamage" classname="com.lincoln.maceguard.core.service.MaceDurabilityTrackerTest" time="0.002"/>
  <testcase name="multipleAttacksAgainstOneVictimRemainOrdered" classname="com.lincoln.maceguard.core.service.MaceDurabilityTrackerTest" time="0.001"/>
  <testcase name="maceContextCapsEveryEquippedArmorSlotIndependently" classname="com.lincoln.maceguard.core.service.MaceDurabilityTrackerTest" time="0.001"/>
  <testcase name="swordSnapshotCannotClassifyAHitAndSnapshotsExpireOnTheNextTick" classname="com.lincoln.maceguard.core.service.MaceDurabilityTrackerTest" time="0.001"/>
  <testcase name="contextsAreIsolatedByVictimAndPreserveTheirOwnCaps" classname="com.lincoln.maceguard.core.service.MaceDurabilityTrackerTest" time="0.0"/>
</testsuite>